<?xml version="1.0" encoding="UTF-8"?>
<testng-results skipped="0" failed="0" ignored="0" total="1" passed="1">
  <reporter-output>
  </reporter-output>
  <suite name="Suite" duration-ms="20864" started-at="2019-04-04T12:05:27Z" finished-at="2019-04-04T12:05:47Z">
    <groups>
    </groups>
    <test name="Test" duration-ms="20864" started-at="2019-04-04T12:05:27Z" finished-at="2019-04-04T12:05:47Z">
      <class name="com.poc.modules.LoginPage">
        <test-method status="PASS" signature="init()[pri:0, instance:com.poc.modules.LoginPage@320068]" name="init" is-config="true" duration-ms="18842" started-at="2019-04-04T12:05:27Z" finished-at="2019-04-04T12:05:45Z">
          <reporter-output>
          </reporter-output>
        </test-method> <!-- init -->
        <test-method status="PASS" signature="login()[pri:0, instance:com.poc.modules.LoginPage@320068]" name="login" duration-ms="1195" started-at="2019-04-04T12:05:45Z" finished-at="2019-04-04T12:05:47Z">
          <reporter-output>
          </reporter-output>
        </test-method> <!-- login -->
        <test-method status="PASS" signature="close()[pri:0, instance:com.poc.modules.LoginPage@320068]" name="close" is-config="true" duration-ms="762" started-at="2019-04-04T12:05:47Z" finished-at="2019-04-04T12:05:47Z">
          <reporter-output>
          </reporter-output>
        </test-method> <!-- close -->
      </class> <!-- com.poc.modules.LoginPage -->
    </test> <!-- Test -->
  </suite> <!-- Suite -->
</testng-results>
